FATAL:   could not open image /sdf/group/ard/thakur12/lume-impact-live-demo/lume-impact-live-demo_main.sif: failed to retrieve path for /sdf/group/ard/thakur12/lume-impact-live-demo/lume-impact-live-demo_main.sif: lstat /sdf/group/ard/thakur12/lume-impact-live-demo/lume-impact-live-demo_main.sif: no such file or directory
FATAL:   could not open image /sdf/group/ard/thakur12/lume-impact-live-demo/lume-impact-live-demo_main.sif: failed to retrieve path for /sdf/group/ard/thakur12/lume-impact-live-demo/lume-impact-live-demo_main.sif: lstat /sdf/group/ard/thakur12/lume-impact-live-demo/lume-impact-live-demo_main.sif: no such file or directory
FATAL:   could not open image /sdf/group/ard/thakur12/lume-impact-live-demo/lume-impact-live-demo_main.sif: failed to retrieve path for /sdf/group/ard/thakur12/lume-impact-live-demo/lume-impact-live-demo_main.sif: lstat /sdf/group/ard/thakur12/lume-impact-live-demo/lume-impact-live-demo_main.sif: no such file or directory
FATAL:   could not open image /sdf/group/ard/thakur12/lume-impact-live-demo/lume-impact-live-demo_main.sif: failed to retrieve path for /sdf/group/ard/thakur12/lume-impact-live-demo/lume-impact-live-demo_main.sif: lstat /sdf/group/ard/thakur12/lume-impact-live-demo/lume-impact-live-demo_main.sif: no such file or directory
FATAL:   could not open image /sdf/group/ard/thakur12/lume-impact-live-demo/lume-impact-live-demo_main.sif: failed to retrieve path for /sdf/group/ard/thakur12/lume-impact-live-demo/lume-impact-live-demo_main.sif: lstat /sdf/group/ard/thakur12/lume-impact-live-demo/lume-impact-live-demo_main.sif: no such file or directory
FATAL:   could not open image /sdf/group/ard/thakur12/lume-impact-live-demo/lume-impact-live-demo_main.sif: failed to retrieve path for /sdf/group/ard/thakur12/lume-impact-live-demo/lume-impact-live-demo_main.sif: lstat /sdf/group/ard/thakur12/lume-impact-live-demo/lume-impact-live-demo_main.sif: no such file or directory
FATAL:   could not open image /sdf/group/ard/thakur12/lume-impact-live-demo/lume-impact-live-demo_main.sif: failed to retrieve path for /sdf/group/ard/thakur12/lume-impact-live-demo/lume-impact-live-demo_main.sif: lstat /sdf/group/ard/thakur12/lume-impact-live-demo/lume-impact-live-demo_main.sif: no such file or directory
INFO:    Detected Singularity user configuration directory
--------------------------------------------------------------------------
Primary job  terminated normally, but 1 process returned
a non-zero exit code. Per user-direction, the job has been aborted.
--------------------------------------------------------------------------
FATAL:   could not open image /sdf/group/ard/thakur12/lume-impact-live-demo/lume-impact-live-demo_main.sif: failed to retrieve path for /sdf/group/ard/thakur12/lume-impact-live-demo/lume-impact-live-demo_main.sif: lstat /sdf/group/ard/thakur12/lume-impact-live-demo/lume-impact-live-demo_main.sif: no such file or directory
FATAL:   could not open image /sdf/group/ard/thakur12/lume-impact-live-demo/lume-impact-live-demo_main.sif: failed to retrieve path for /sdf/group/ard/thakur12/lume-impact-live-demo/lume-impact-live-demo_main.sif: lstat /sdf/group/ard/thakur12/lume-impact-live-demo/lume-impact-live-demo_main.sif: no such file or directory
FATAL:   could not open image /sdf/group/ard/thakur12/lume-impact-live-demo/lume-impact-live-demo_main.sif: failed to retrieve path for /sdf/group/ard/thakur12/lume-impact-live-demo/lume-impact-live-demo_main.sif: lstat /sdf/group/ard/thakur12/lume-impact-live-demo/lume-impact-live-demo_main.sif: no such file or directory
FATAL:   could not open image /sdf/group/ard/thakur12/lume-impact-live-demo/lume-impact-live-demo_main.sif: failed to retrieve path for /sdf/group/ard/thakur12/lume-impact-live-demo/lume-impact-live-demo_main.sif: lstat /sdf/group/ard/thakur12/lume-impact-live-demo/lume-impact-live-demo_main.sif: no such file or directory
FATAL:   could not open image /sdf/group/ard/thakur12/lume-impact-live-demo/lume-impact-live-demo_main.sif: failed to retrieve path for /sdf/group/ard/thakur12/lume-impact-live-demo/lume-impact-live-demo_main.sif: lstat /sdf/group/ard/thakur12/lume-impact-live-demo/lume-impact-live-demo_main.sif: no such file or directory
FATAL:   could not open image /sdf/group/ard/thakur12/lume-impact-live-demo/lume-impact-live-demo_main.sif: failed to retrieve path for /sdf/group/ard/thakur12/lume-impact-live-demo/lume-impact-live-demo_main.sif: lstat /sdf/group/ard/thakur12/lume-impact-live-demo/lume-impact-live-demo_main.sif: no such file or directory
FATAL:   could not open image /sdf/group/ard/thakur12/lume-impact-live-demo/lume-impact-live-demo_main.sif: failed to retrieve path for /sdf/group/ard/thakur12/lume-impact-live-demo/lume-impact-live-demo_main.sif: lstat /sdf/group/ard/thakur12/lume-impact-live-demo/lume-impact-live-demo_main.sif: no such file or directory
FATAL:   could not open image /sdf/group/ard/thakur12/lume-impact-live-demo/lume-impact-live-demo_main.sif: failed to retrieve path for /sdf/group/ard/thakur12/lume-impact-live-demo/lume-impact-live-demo_main.sif: lstat /sdf/group/ard/thakur12/lume-impact-live-demo/lume-impact-live-demo_main.sif: no such file or directory
FATAL:   could not open image /sdf/group/ard/thakur12/lume-impact-live-demo/lume-impact-live-demo_main.sif: failed to retrieve path for /sdf/group/ard/thakur12/lume-impact-live-demo/lume-impact-live-demo_main.sif: lstat /sdf/group/ard/thakur12/lume-impact-live-demo/lume-impact-live-demo_main.sif: no such file or directory
FATAL:   could not open image /sdf/group/ard/thakur12/lume-impact-live-demo/lume-impact-live-demo_main.sif: failed to retrieve path for /sdf/group/ard/thakur12/lume-impact-live-demo/lume-impact-live-demo_main.sif: lstat /sdf/group/ard/thakur12/lume-impact-live-demo/lume-impact-live-demo_main.sif: no such file or directory
FATAL:   could not open image /sdf/group/ard/thakur12/lume-impact-live-demo/lume-impact-live-demo_main.sif: failed to retrieve path for /sdf/group/ard/thakur12/lume-impact-live-demo/lume-impact-live-demo_main.sif: lstat /sdf/group/ard/thakur12/lume-impact-live-demo/lume-impact-live-demo_main.sif: no such file or directory
FATAL:   could not open image /sdf/group/ard/thakur12/lume-impact-live-demo/lume-impact-live-demo_main.sif: failed to retrieve path for /sdf/group/ard/thakur12/lume-impact-live-demo/lume-impact-live-demo_main.sif: lstat /sdf/group/ard/thakur12/lume-impact-live-demo/lume-impact-live-demo_main.sif: no such file or directory
FATAL:   could not open image /sdf/group/ard/thakur12/lume-impact-live-demo/lume-impact-live-demo_main.sif: failed to retrieve path for /sdf/group/ard/thakur12/lume-impact-live-demo/lume-impact-live-demo_main.sif: lstat /sdf/group/ard/thakur12/lume-impact-live-demo/lume-impact-live-demo_main.sif: no such file or directory
FATAL:   could not open image /sdf/group/ard/thakur12/lume-impact-live-demo/lume-impact-live-demo_main.sif: failed to retrieve path for /sdf/group/ard/thakur12/lume-impact-live-demo/lume-impact-live-demo_main.sif: lstat /sdf/group/ard/thakur12/lume-impact-live-demo/lume-impact-live-demo_main.sif: no such file or directory
FATAL:   could not open image /sdf/group/ard/thakur12/lume-impact-live-demo/lume-impact-live-demo_main.sif: failed to retrieve path for /sdf/group/ard/thakur12/lume-impact-live-demo/lume-impact-live-demo_main.sif: lstat /sdf/group/ard/thakur12/lume-impact-live-demo/lume-impact-live-demo_main.sif: no such file or directory
FATAL:   could not open image /sdf/group/ard/thakur12/lume-impact-live-demo/lume-impact-live-demo_main.sif: failed to retrieve path for /sdf/group/ard/thakur12/lume-impact-live-demo/lume-impact-live-demo_main.sif: lstat /sdf/group/ard/thakur12/lume-impact-live-demo/lume-impact-live-demo_main.sif: no such file or directory
FATAL:   could not open image /sdf/group/ard/thakur12/lume-impact-live-demo/lume-impact-live-demo_main.sif: failed to retrieve path for /sdf/group/ard/thakur12/lume-impact-live-demo/lume-impact-live-demo_main.sif: lstat /sdf/group/ard/thakur12/lume-impact-live-demo/lume-impact-live-demo_main.sif: no such file or directory
FATAL:   could not open image /sdf/group/ard/thakur12/lume-impact-live-demo/lume-impact-live-demo_main.sif: failed to retrieve path for /sdf/group/ard/thakur12/lume-impact-live-demo/lume-impact-live-demo_main.sif: lstat /sdf/group/ard/thakur12/lume-impact-live-demo/lume-impact-live-demo_main.sif: no such file or directory
FATAL:   could not open image /sdf/group/ard/thakur12/lume-impact-live-demo/lume-impact-live-demo_main.sif: failed to retrieve path for /sdf/group/ard/thakur12/lume-impact-live-demo/lume-impact-live-demo_main.sif: lstat /sdf/group/ard/thakur12/lume-impact-live-demo/lume-impact-live-demo_main.sif: no such file or directory
FATAL:   could not open image /sdf/group/ard/thakur12/lume-impact-live-demo/lume-impact-live-demo_main.sif: failed to retrieve path for /sdf/group/ard/thakur12/lume-impact-live-demo/lume-impact-live-demo_main.sif: lstat /sdf/group/ard/thakur12/lume-impact-live-demo/lume-impact-live-demo_main.sif: no such file or directory
FATAL:   could not open image /sdf/group/ard/thakur12/lume-impact-live-demo/lume-impact-live-demo_main.sif: failed to retrieve path for /sdf/group/ard/thakur12/lume-impact-live-demo/lume-impact-live-demo_main.sif: lstat /sdf/group/ard/thakur12/lume-impact-live-demo/lume-impact-live-demo_main.sif: no such file or directory
FATAL:   could not open image /sdf/group/ard/thakur12/lume-impact-live-demo/lume-impact-live-demo_main.sif: failed to retrieve path for /sdf/group/ard/thakur12/lume-impact-live-demo/lume-impact-live-demo_main.sif: lstat /sdf/group/ard/thakur12/lume-impact-live-demo/lume-impact-live-demo_main.sif: no such file or directory
FATAL:   could not open image /sdf/group/ard/thakur12/lume-impact-live-demo/lume-impact-live-demo_main.sif: failed to retrieve path for /sdf/group/ard/thakur12/lume-impact-live-demo/lume-impact-live-demo_main.sif: lstat /sdf/group/ard/thakur12/lume-impact-live-demo/lume-impact-live-demo_main.sif: no such file or directory
FATAL:   could not open image /sdf/group/ard/thakur12/lume-impact-live-demo/lume-impact-live-demo_main.sif: failed to retrieve path for /sdf/group/ard/thakur12/lume-impact-live-demo/lume-impact-live-demo_main.sif: lstat /sdf/group/ard/thakur12/lume-impact-live-demo/lume-impact-live-demo_main.sif: no such file or directory
FATAL:   could not open image /sdf/group/ard/thakur12/lume-impact-live-demo/lume-impact-live-demo_main.sif: failed to retrieve path for /sdf/group/ard/thakur12/lume-impact-live-demo/lume-impact-live-demo_main.sif: lstat /sdf/group/ard/thakur12/lume-impact-live-demo/lume-impact-live-demo_main.sif: no such file or directory
--------------------------------------------------------------------------
mpirun detected that one or more processes exited with non-zero status, thus causing
the job to be terminated. The first process to do so was:

  Process name: [[38583,1],2]
  Exit code:    255
--------------------------------------------------------------------------
